<?xml version="1.0" encoding="UTF-8"?>
<testng-results ignored="0" total="13" passed="13" failed="0" skipped="0">
  <reporter-output>
  </reporter-output>
  <suite started-at="2021-06-30T10:32:12 IST" name="Default suite" finished-at="2021-06-30T10:33:53 IST" duration-ms="101110">
    <groups>
      <group name="cucumber">
        <method signature="AbstractTestNGCucumberTests.runScenario(io.cucumber.testng.PickleWrapper, io.cucumber.testng.FeatureWrapper)[pri:0, instance:Runner_Files.Your_profile_positive_scenarios_runner@1ab3a8c8]" name="runScenario" class="io.cucumber.testng.AbstractTestNGCucumberTests"/>
      </group> <!-- cucumber -->
    </groups>
    <test started-at="2021-06-30T10:32:12 IST" name="Default test" finished-at="2021-06-30T10:33:53 IST" duration-ms="101110">
      <class name="Runner_Files.Your_profile_positive_scenarios_runner">
        <test-method is-config="true" signature="setUpClass()[pri:0, instance:Runner_Files.Your_profile_positive_scenarios_runner@1ab3a8c8]" started-at="2021-06-30T10:32:12 IST" name="setUpClass" finished-at="2021-06-30T10:32:13 IST" duration-ms="908" status="PASS">
          <reporter-output>
          </reporter-output>
        </test-method> <!-- setUpClass -->
        <test-method signature="runScenario(io.cucumber.testng.PickleWrapper, io.cucumber.testng.FeatureWrapper)[pri:0, instance:Runner_Files.Your_profile_positive_scenarios_runner@1ab3a8c8]" started-at="2021-06-30T10:32:13 IST" name="runScenario" description="Runs Cucumber Scenarios" data-provider="scenarios" finished-at="2021-06-30T10:33:11 IST" duration-ms="58269" status="PASS">
          <params>
            <param index="0">
              <value>
                <![CDATA["Validate that the  Your Profile  title  should be present in  Your Profile screen"]]>
              </value>
            </param>
            <param index="1">
              <value>
                <![CDATA["Optional[Test Your profile positive functionality]"]]>
              </value>
            </param>
          </params>
          <reporter-output>
          </reporter-output>
        </test-method> <!-- runScenario -->
        <test-method signature="runScenario(io.cucumber.testng.PickleWrapper, io.cucumber.testng.FeatureWrapper)[pri:0, instance:Runner_Files.Your_profile_positive_scenarios_runner@1ab3a8c8]" started-at="2021-06-30T10:33:11 IST" name="runScenario" description="Runs Cucumber Scenarios" data-provider="scenarios" finished-at="2021-06-30T10:33:18 IST" duration-ms="6930" status="PASS">
          <params>
            <param index="0">
              <value>
                <![CDATA["Validate that dialogue box will appear and able to enter the security code and password , when user click on edit icon"]]>
              </value>
            </param>
            <param index="1">
              <value>
                <![CDATA["Optional[Test Your profile positive functionality]"]]>
              </value>
            </param>
          </params>
          <reporter-output>
          </reporter-output>
        </test-method> <!-- runScenario -->
        <test-method signature="runScenario(io.cucumber.testng.PickleWrapper, io.cucumber.testng.FeatureWrapper)[pri:0, instance:Runner_Files.Your_profile_positive_scenarios_runner@1ab3a8c8]" started-at="2021-06-30T10:33:18 IST" name="runScenario" description="Runs Cucumber Scenarios" data-provider="scenarios" finished-at="2021-06-30T10:33:28 IST" duration-ms="9036" status="PASS">
          <params>
            <param index="0">
              <value>
                <![CDATA["Validate that the user is able to edit  the profile details"]]>
              </value>
            </param>
            <param index="1">
              <value>
                <![CDATA["Optional[Test Your profile positive functionality]"]]>
              </value>
            </param>
          </params>
          <reporter-output>
          </reporter-output>
        </test-method> <!-- runScenario -->
        <test-method signature="runScenario(io.cucumber.testng.PickleWrapper, io.cucumber.testng.FeatureWrapper)[pri:0, instance:Runner_Files.Your_profile_positive_scenarios_runner@1ab3a8c8]" started-at="2021-06-30T10:33:28 IST" name="runScenario" description="Runs Cucumber Scenarios" data-provider="scenarios" finished-at="2021-06-30T10:33:28 IST" duration-ms="563" status="PASS">
          <params>
            <param index="0">
              <value>
                <![CDATA["Validate that user is able to add Email ID in contact details"]]>
              </value>
            </param>
            <param index="1">
              <value>
                <![CDATA["Optional[Test Your profile positive functionality]"]]>
              </value>
            </param>
          </params>
          <reporter-output>
          </reporter-output>
        </test-method> <!-- runScenario -->
        <test-method signature="runScenario(io.cucumber.testng.PickleWrapper, io.cucumber.testng.FeatureWrapper)[pri:0, instance:Runner_Files.Your_profile_positive_scenarios_runner@1ab3a8c8]" started-at="2021-06-30T10:33:28 IST" name="runScenario" description="Runs Cucumber Scenarios" data-provider="scenarios" finished-at="2021-06-30T10:33:28 IST" duration-ms="21" status="PASS">
          <params>
            <param index="0">
              <value>
                <![CDATA["Validate that the user is able to Activate , Edit and  Deactivate the Email ID"]]>
              </value>
            </param>
            <param index="1">
              <value>
                <![CDATA["Optional[Test Your profile positive functionality]"]]>
              </value>
            </param>
          </params>
          <reporter-output>
          </reporter-output>
        </test-method> <!-- runScenario -->
        <test-method signature="runScenario(io.cucumber.testng.PickleWrapper, io.cucumber.testng.FeatureWrapper)[pri:0, instance:Runner_Files.Your_profile_positive_scenarios_runner@1ab3a8c8]" started-at="2021-06-30T10:33:28 IST" name="runScenario" description="Runs Cucumber Scenarios" data-provider="scenarios" finished-at="2021-06-30T10:33:30 IST" duration-ms="1687" status="PASS">
          <params>
            <param index="0">
              <value>
                <![CDATA["Validate that user is able to add Phone Number in contact details."]]>
              </value>
            </param>
            <param index="1">
              <value>
                <![CDATA["Optional[Test Your profile positive functionality]"]]>
              </value>
            </param>
          </params>
          <reporter-output>
          </reporter-output>
        </test-method> <!-- runScenario -->
        <test-method signature="runScenario(io.cucumber.testng.PickleWrapper, io.cucumber.testng.FeatureWrapper)[pri:0, instance:Runner_Files.Your_profile_positive_scenarios_runner@1ab3a8c8]" started-at="2021-06-30T10:33:30 IST" name="runScenario" description="Runs Cucumber Scenarios" data-provider="scenarios" finished-at="2021-06-30T10:33:30 IST" duration-ms="38" status="PASS">
          <params>
            <param index="0">
              <value>
                <![CDATA["Validate that the user is able to Activate , Edit and  Deactivate the Phone Number"]]>
              </value>
            </param>
            <param index="1">
              <value>
                <![CDATA["Optional[Test Your profile positive functionality]"]]>
              </value>
            </param>
          </params>
          <reporter-output>
          </reporter-output>
        </test-method> <!-- runScenario -->
        <test-method signature="runScenario(io.cucumber.testng.PickleWrapper, io.cucumber.testng.FeatureWrapper)[pri:0, instance:Runner_Files.Your_profile_positive_scenarios_runner@1ab3a8c8]" started-at="2021-06-30T10:33:30 IST" name="runScenario" description="Runs Cucumber Scenarios" data-provider="scenarios" finished-at="2021-06-30T10:33:30 IST" duration-ms="41" status="PASS">
          <params>
            <param index="0">
              <value>
                <![CDATA["Validate that user is able to add Address in contact details."]]>
              </value>
            </param>
            <param index="1">
              <value>
                <![CDATA["Optional[Test Your profile positive functionality]"]]>
              </value>
            </param>
          </params>
          <reporter-output>
          </reporter-output>
        </test-method> <!-- runScenario -->
        <test-method signature="runScenario(io.cucumber.testng.PickleWrapper, io.cucumber.testng.FeatureWrapper)[pri:0, instance:Runner_Files.Your_profile_positive_scenarios_runner@1ab3a8c8]" started-at="2021-06-30T10:33:30 IST" name="runScenario" description="Runs Cucumber Scenarios" data-provider="scenarios" finished-at="2021-06-30T10:33:30 IST" duration-ms="43" status="PASS">
          <params>
            <param index="0">
              <value>
                <![CDATA["Validate that the user is able to Activate , Edit , Primary and  Deactivate the Address"]]>
              </value>
            </param>
            <param index="1">
              <value>
                <![CDATA["Optional[Test Your profile positive functionality]"]]>
              </value>
            </param>
          </params>
          <reporter-output>
          </reporter-output>
        </test-method> <!-- runScenario -->
        <test-method signature="runScenario(io.cucumber.testng.PickleWrapper, io.cucumber.testng.FeatureWrapper)[pri:0, instance:Runner_Files.Your_profile_positive_scenarios_runner@1ab3a8c8]" started-at="2021-06-30T10:33:30 IST" name="runScenario" description="Runs Cucumber Scenarios" data-provider="scenarios" finished-at="2021-06-30T10:33:30 IST" duration-ms="28" status="PASS">
          <params>
            <param index="0">
              <value>
                <![CDATA["Validate that user is able to add Plan coverage"]]>
              </value>
            </param>
            <param index="1">
              <value>
                <![CDATA["Optional[Test Your profile positive functionality]"]]>
              </value>
            </param>
          </params>
          <reporter-output>
          </reporter-output>
        </test-method> <!-- runScenario -->
        <test-method signature="runScenario(io.cucumber.testng.PickleWrapper, io.cucumber.testng.FeatureWrapper)[pri:0, instance:Runner_Files.Your_profile_positive_scenarios_runner@1ab3a8c8]" started-at="2021-06-30T10:33:30 IST" name="runScenario" description="Runs Cucumber Scenarios" data-provider="scenarios" finished-at="2021-06-30T10:33:30 IST" duration-ms="24" status="PASS">
          <params>
            <param index="0">
              <value>
                <![CDATA["Validate that the user is able to Activate , Edit , Make primary and  Deactivate the Plan coverage"]]>
              </value>
            </param>
            <param index="1">
              <value>
                <![CDATA["Optional[Test Your profile positive functionality]"]]>
              </value>
            </param>
          </params>
          <reporter-output>
          </reporter-output>
        </test-method> <!-- runScenario -->
        <test-method signature="runScenario(io.cucumber.testng.PickleWrapper, io.cucumber.testng.FeatureWrapper)[pri:0, instance:Runner_Files.Your_profile_positive_scenarios_runner@1ab3a8c8]" started-at="2021-06-30T10:33:30 IST" name="runScenario" description="Runs Cucumber Scenarios" data-provider="scenarios" finished-at="2021-06-30T10:33:30 IST" duration-ms="23" status="PASS">
          <params>
            <param index="0">
              <value>
                <![CDATA["Validate that the user is able to change the password"]]>
              </value>
            </param>
            <param index="1">
              <value>
                <![CDATA["Optional[Test Your profile positive functionality]"]]>
              </value>
            </param>
          </params>
          <reporter-output>
          </reporter-output>
        </test-method> <!-- runScenario -->
        <test-method signature="runScenario(io.cucumber.testng.PickleWrapper, io.cucumber.testng.FeatureWrapper)[pri:0, instance:Runner_Files.Your_profile_positive_scenarios_runner@1ab3a8c8]" started-at="2021-06-30T10:33:30 IST" name="runScenario" description="Runs Cucumber Scenarios" data-provider="scenarios" finished-at="2021-06-30T10:33:30 IST" duration-ms="28" status="PASS">
          <params>
            <param index="0">
              <value>
                <![CDATA["Validate that the password should be displayed on clicking the eye and user can able to save the details"]]>
              </value>
            </param>
            <param index="1">
              <value>
                <![CDATA["Optional[Test Your profile positive functionality]"]]>
              </value>
            </param>
          </params>
          <reporter-output>
          </reporter-output>
        </test-method> <!-- runScenario -->
        <test-method is-config="true" signature="tearDownClass()[pri:0, instance:Runner_Files.Your_profile_positive_scenarios_runner@1ab3a8c8]" started-at="2021-06-30T10:33:30 IST" name="tearDownClass" finished-at="2021-06-30T10:33:53 IST" duration-ms="23163" status="PASS">
          <reporter-output>
          </reporter-output>
        </test-method> <!-- tearDownClass -->
      </class> <!-- Runner_Files.Your_profile_positive_scenarios_runner -->
    </test> <!-- Default test -->
  </suite> <!-- Default suite -->
</testng-results>
