<?xml version="1.0" encoding="UTF-8"?>
<!-- Generated by org.testng.reporters.JUnitReportReporter -->
<testsuite hostname="DESKTOP-NTJVOKJ" failures="1" tests="9" name="Runner_Files.Circles_positive_scenarios_runner" time="168.894" errors="0" timestamp="2021-06-28T12:55:43 IST" skipped="0">
  <testcase classname="Runner_Files.Circles_positive_scenarios_runner" name="runScenario" time="67.925"/>
  <system-out/>
  <testcase classname="Runner_Files.Circles_positive_scenarios_runner" name="runScenario" time="0.339"/>
  <system-out/>
  <testcase classname="Runner_Files.Circles_positive_scenarios_runner" name="runScenario" time="0.338">
    <failure message="expected [false] but found [true]" type="java.lang.AssertionError">
      <![CDATA[java.lang.AssertionError: expected [false] but found [true]
at org.testng.Assert.fail(Assert.java:97)
at org.testng.Assert.assertEqualsImpl(Assert.java:136)
at org.testng.Assert.assertEquals(Assert.java:118)
at org.testng.Assert.assertEquals(Assert.java:751)
at org.testng.Assert.assertEquals(Assert.java:761)
at Circles_positive_scenarios.Circles_positive_scenarios.circle_positive_tc_003(Circles_positive_scenarios.java:66)
at ✽.check  user is able to click on Add a Partner then click on Select a partner and select the My Medicare option finally click on Proceed(file:///C:/Users/Admin/Downloads/demo-main/src/main/java/Circles_positive_scenarios/Circles_positive_scenarios.feature:11)
]]>
    </failure>
  </testcase> <!-- runScenario -->
  <system-out/>
  <testcase classname="Runner_Files.Circles_positive_scenarios_runner" name="runScenario" time="95.076"/>
  <system-out/>
  <testcase classname="Runner_Files.Circles_positive_scenarios_runner" name="runScenario" time="0.962"/>
  <system-out/>
  <testcase classname="Runner_Files.Circles_positive_scenarios_runner" name="runScenario" time="2.405"/>
  <system-out/>
  <testcase classname="Runner_Files.Circles_positive_scenarios_runner" name="runScenario" time="0.906"/>
  <system-out/>
  <testcase classname="Runner_Files.Circles_positive_scenarios_runner" name="runScenario" time="0.514"/>
  <system-out/>
  <testcase classname="Runner_Files.Circles_positive_scenarios_runner" name="runScenario" time="0.429"/>
  <system-out/>
</testsuite> <!-- Runner_Files.Circles_positive_scenarios_runner -->
